<?xml version="1.0" encoding="UTF-8"?>
<!-- Generated by org.testng.reporters.JUnitReportReporter -->
<testsuite hostname="DESKTOP-1RB5UVT" failures="0" tests="4" name="testCases.TC003_LoginDDT" time="28.358" errors="0" timestamp="2024-10-01T20:05:09 IST" skipped="0">
  <testcase classname="testCases.TC003_LoginDDT" name="verify_LoginDDT" time="11.704"/>
  <testcase classname="testCases.TC003_LoginDDT" name="verify_LoginDDT" time="1.933"/>
  <testcase classname="testCases.TC003_LoginDDT" name="verify_LoginDDT" time="11.023"/>
  <testcase classname="testCases.TC003_LoginDDT" name="verify_LoginDDT" time="3.698"/>
</testsuite> <!-- testCases.TC003_LoginDDT -->
