<?xml version="1.0" encoding="UTF-8"?>
<!-- Generated by org.testng.reporters.JUnitReportReporter -->
<testsuite hostname="DESKTOP-1RB5UVT" failures="0" tests="1" name="testCases.TC002_AccountLoginTest" time="2.227" errors="0" timestamp="2024-10-18T20:22:59 IST" skipped="0">
  <testcase classname="testCases.TC002_AccountLoginTest" name="verify_Login" time="2.227"/>
</testsuite> <!-- testCases.TC002_AccountLoginTest -->
