<?xml version="1.0" encoding="UTF-8"?>
<!-- Generated by org.testng.reporters.JUnitReportReporter -->
<testsuite hostname="DESKTOP-1RB5UVT" failures="0" tests="1" name="testCases.TC001_AccountRegistrationTest" time="15.040" errors="0" timestamp="2024-10-25T19:20:06 IST" skipped="0">
  <testcase classname="testCases.TC001_AccountRegistrationTest" name="AccountRegistartioncheck" time="15.040"/>
</testsuite> <!-- testCases.TC001_AccountRegistrationTest -->
